app/build/intermediates/manifest_merge_blame_file/debug/manifest-merger-blame-debug-report.txt
1<?xml version="1.0" encoding="utf-8"?>
2<manifest xmlns:android="http://schemas.android.com/apk/res/android"
3    package="com.a7apps.tvbase"
4    android:versionCode="1"
5    android:versionName="1.0" >
6
7    <uses-sdk
8        android:minSdkVersion="21"
8-->src/main/AndroidManifest.xml
9        android:targetSdkVersion="30" />
9-->src/main/AndroidManifest.xml
10
11    <uses-permission android:name="android.permission.INTERNET" />
11-->src/main/AndroidManifest.xml:5:5-67
11-->src/main/AndroidManifest.xml:5:22-64
12
13    <queries>
13-->[com.facebook.android:audience-network-sdk:6.5.1] AndroidManifest.xml:11:5-13:15
14        <package android:name="com.facebook.katana" />
14-->[com.facebook.android:audience-network-sdk:6.5.1] AndroidManifest.xml:12:9-55
14-->[com.facebook.android:audience-network-sdk:6.5.1] AndroidManifest.xml:12:18-52
15    </queries>
16
17    <uses-permission android:name="android.permission.ACCESS_NETWORK_STATE" />
17-->[com.facebook.android:audience-network-sdk:6.5.1] AndroidManifest.xml:16:5-79
17-->[com.facebook.android:audience-network-sdk:6.5.1] AndroidManifest.xml:16:22-76
18
19    <application
19-->src/main/AndroidManifest.xml:7:5-24:19
20        android:allowBackup="true"
20-->src/main/AndroidManifest.xml:8:9-35
21        android:appComponentFactory="androidx.core.app.CoreComponentFactory"
21-->[androidx.core:core:1.5.0] AndroidManifest.xml:24:18-86
22        android:debuggable="true"
23        android:hardwareAccelerated="true"
23-->src/main/AndroidManifest.xml:9:9-43
24        android:icon="@mipmap/ic_launcher"
24-->src/main/AndroidManifest.xml:10:9-43
25        android:label="@string/app_name"
25-->src/main/AndroidManifest.xml:11:9-41
26        android:roundIcon="@mipmap/ic_launcher_round"
26-->src/main/AndroidManifest.xml:12:9-54
27        android:supportsRtl="true"
27-->src/main/AndroidManifest.xml:13:9-35
28        android:testOnly="true"
29        android:theme="@style/AppTheme" >
29-->src/main/AndroidManifest.xml:14:9-40
30        <activity
30-->src/main/AndroidManifest.xml:15:9-23:20
31            android:name="com.a7apps.tvbase.ui.MainActivity"
31-->src/main/AndroidManifest.xml:16:13-44
32            android:label="@string/app_name" >
32-->src/main/AndroidManifest.xml:17:13-45
33            <intent-filter>
33-->src/main/AndroidManifest.xml:18:13-22:29
34                <action android:name="android.intent.action.MAIN" />
34-->src/main/AndroidManifest.xml:19:17-69
34-->src/main/AndroidManifest.xml:19:25-66
35
36                <category android:name="android.intent.category.LAUNCHER" />
36-->src/main/AndroidManifest.xml:21:17-77
36-->src/main/AndroidManifest.xml:21:27-74
37            </intent-filter>
38        </activity>
39        <activity
39-->[com.facebook.android:audience-network-sdk:6.5.1] AndroidManifest.xml:19:9-23:75
40            android:name="com.facebook.ads.AudienceNetworkActivity"
40-->[com.facebook.android:audience-network-sdk:6.5.1] AndroidManifest.xml:20:13-68
41            android:configChanges="keyboardHidden|orientation|screenSize"
41-->[com.facebook.android:audience-network-sdk:6.5.1] AndroidManifest.xml:21:13-74
42            android:exported="false"
42-->[com.facebook.android:audience-network-sdk:6.5.1] AndroidManifest.xml:22:13-37
43            android:theme="@android:style/Theme.Translucent.NoTitleBar" />
43-->[com.facebook.android:audience-network-sdk:6.5.1] AndroidManifest.xml:23:13-72
44
45        <provider
45-->[com.facebook.android:audience-network-sdk:6.5.1] AndroidManifest.xml:25:9-28:40
46            android:name="com.facebook.ads.AudienceNetworkContentProvider"
46-->[com.facebook.android:audience-network-sdk:6.5.1] AndroidManifest.xml:26:13-75
47            android:authorities="com.a7apps.tvbase.AudienceNetworkContentProvider"
47-->[com.facebook.android:audience-network-sdk:6.5.1] AndroidManifest.xml:27:13-82
48            android:exported="false" />
48-->[com.facebook.android:audience-network-sdk:6.5.1] AndroidManifest.xml:28:13-37
49
50        <meta-data
50-->[com.google.android.gms:play-services-basement:11.0.4] AndroidManifest.xml:20:9-121
51            android:name="com.google.android.gms.version"
51-->[com.google.android.gms:play-services-basement:11.0.4] AndroidManifest.xml:20:20-65
52            android:value="@integer/google_play_services_version" />
52-->[com.google.android.gms:play-services-basement:11.0.4] AndroidManifest.xml:20:66-119
53
54        <provider
54-->[androidx.lifecycle:lifecycle-process:2.2.0] AndroidManifest.xml:25:9-29:43
55            android:name="androidx.lifecycle.ProcessLifecycleOwnerInitializer"
55-->[androidx.lifecycle:lifecycle-process:2.2.0] AndroidManifest.xml:26:13-79
56            android:authorities="com.a7apps.tvbase.lifecycle-process"
56-->[androidx.lifecycle:lifecycle-process:2.2.0] AndroidManifest.xml:27:13-69
57            android:exported="false"
57-->[androidx.lifecycle:lifecycle-process:2.2.0] AndroidManifest.xml:28:13-37
58            android:multiprocess="true" />
58-->[androidx.lifecycle:lifecycle-process:2.2.0] AndroidManifest.xml:29:13-40
59    </application>
60
61</manifest>